<?xml version="1.0" encoding="UTF-8"?>
<testng-results ignored="0" total="1" passed="1" failed="0" skipped="0">
  <reporter-output>
  </reporter-output>
  <suite started-at="2025-01-14T11:06:01Z" name="Suite" finished-at="2025-01-14T11:06:10Z" duration-ms="9574">
    <groups>
      <group name="cucumber">
        <method signature="AbstractTestNGCucumberTests.runScenario(cucumber.api.testng.PickleEventWrapper, cucumber.api.testng.CucumberFeatureWrapper)[pri:0, instance:runner.TC01_LoginPage1@41e68d87]" name="runScenario" class="cucumber.api.testng.AbstractTestNGCucumberTests"/>
      </group> <!-- cucumber -->
    </groups>
    <test started-at="2025-01-14T11:06:01Z" name="Test" finished-at="2025-01-14T11:06:10Z" duration-ms="9574">
      <class name="runner.TC01_LoginPage1">
        <test-method is-config="true" signature="startReport()[pri:0, instance:runner.TC01_LoginPage1@41e68d87]" started-at="2025-01-14T11:06:01Z" name="startReport" finished-at="2025-01-14T11:06:01Z" duration-ms="161" status="PASS">
          <reporter-output>
          </reporter-output>
        </test-method> <!-- startReport -->
        <test-method is-config="true" signature="setData()[pri:0, instance:runner.TC01_LoginPage1@41e68d87]" started-at="2025-01-14T11:06:01Z" name="setData" finished-at="2025-01-14T11:06:01Z" duration-ms="0" status="PASS">
          <reporter-output>
          </reporter-output>
        </test-method> <!-- setData -->
        <test-method is-config="true" signature="setUpClass()[pri:0, instance:runner.TC01_LoginPage1@41e68d87]" started-at="2025-01-14T11:06:01Z" name="setUpClass" finished-at="2025-01-14T11:06:01Z" duration-ms="100" status="PASS">
          <reporter-output>
          </reporter-output>
        </test-method> <!-- setUpClass -->
        <test-method is-config="true" signature="report()[pri:0, instance:runner.TC01_LoginPage1@41e68d87]" started-at="2025-01-14T11:06:01Z" name="report" finished-at="2025-01-14T11:06:01Z" duration-ms="5" status="PASS">
          <reporter-output>
          </reporter-output>
        </test-method> <!-- report -->
        <test-method is-config="true" signature="LaunchApp()[pri:0, instance:runner.TC01_LoginPage1@41e68d87]" started-at="2025-01-14T11:06:01Z" name="LaunchApp" finished-at="2025-01-14T11:06:08Z" duration-ms="7073" status="PASS">
          <reporter-output>
          </reporter-output>
        </test-method> <!-- LaunchApp -->
        <test-method signature="runScenario(cucumber.api.testng.PickleEventWrapper, cucumber.api.testng.CucumberFeatureWrapper)[pri:0, instance:runner.TC01_LoginPage1@41e68d87]" started-at="2025-01-14T11:06:08Z" name="runScenario" description="Runs Cucumber Scenarios" data-provider="scenarios" finished-at="2025-01-14T11:06:10Z" duration-ms="2285" status="PASS">
          <params>
            <param index="0">
              <value>
                <![CDATA["TC01 Login Functionality"]]>
              </value>
            </param>
            <param index="1">
              <value>
                <![CDATA["Orange HRM Application Login"]]>
              </value>
            </param>
          </params>
          <reporter-output>
          </reporter-output>
        </test-method> <!-- runScenario -->
        <test-method is-config="true" signature="teardown()[pri:0, instance:runner.TC01_LoginPage1@41e68d87]" started-at="2025-01-14T11:06:10Z" name="teardown" finished-at="2025-01-14T11:06:10Z" duration-ms="67" status="PASS">
          <reporter-output>
          </reporter-output>
        </test-method> <!-- teardown -->
        <test-method is-config="true" signature="tearDownClass()[pri:0, instance:runner.TC01_LoginPage1@41e68d87]" started-at="2025-01-14T11:06:10Z" name="tearDownClass" finished-at="2025-01-14T11:06:10Z" duration-ms="4" status="PASS">
          <reporter-output>
          </reporter-output>
        </test-method> <!-- tearDownClass -->
        <test-method is-config="true" signature="stopReport()[pri:0, instance:runner.TC01_LoginPage1@41e68d87]" started-at="2025-01-14T11:06:10Z" name="stopReport" finished-at="2025-01-14T11:06:10Z" duration-ms="198" status="PASS">
          <reporter-output>
          </reporter-output>
        </test-method> <!-- stopReport -->
      </class> <!-- runner.TC01_LoginPage1 -->
    </test> <!-- Test -->
  </suite> <!-- Suite -->
</testng-results>
